<?xml version='1.0'?>
<ns2:test-suite xmlns:ns2='urn:model.allure.qatools.yandex.ru' start='1656309732810' stop='1656309733071'>
    <name>Login</name>
    <title>Login</title>
    <test-cases>
        <test-case start='1656309732811' status='failed' stop='1656309733069'>
            <name>Valid Credentials</name>
            <title>Valid Credentials</title>
            <labels>
                <label name='language' value='javascript'/>
                <label name='framework' value='wdio'/>
                <label name='thread' value='0-0'/>
            </labels>
            <parameters>
                <parameter kind='argument' name='browser' value='chrome-103.0.5060.53'/>
            </parameters>
            <steps>
                <step start='1656309732813' status='failed' stop='1656309733069'>
                    <name>GET /session/:sessionId/title</name>
                    <title>GET /session/:sessionId/title</title>
                    <attachments/>
                    <steps>
                        <step start='1656309732818' status='passed' stop='1656309733047'>
                            <name>GET /session/:sessionId/screenshot</name>
                            <title>GET /session/:sessionId/screenshot</title>
                            <attachments>
                                <attachment title='Screenshot' source='7e100059-d0c9-4f00-9a88-113735621b69-attachment.png' type='image/png' size='4025'/>
                            </attachments>
                            <steps>
                                <step start='1656309732821' status='passed' stop='1656309732944'>
                                    <name>POST /session/:sessionId/url</name>
                                    <title>POST /session/:sessionId/url</title>
                                    <attachments>
                                        <attachment title='Request' source='924609a9-4349-4c3c-a75d-c7416c912fe9-attachment.json' type='application/json' size='41'/>
                                    </attachments>
                                    <steps/>
                                </step>
                            </steps>
                        </step>
                    </steps>
                </step>
            </steps>
            <attachments/>
            <failure>
                <message>Promise {
                  &lt;pending>
                } == 'Swag Labs'      
                      actual expected
                      
                      Promise'Swag [Promise] {}Labs'
                      </message>
                <stack-trace>AssertionError [ERR_ASSERTION]: Promise {
                  &lt;pending>
                } == 'Swag Labs'
                    at Context.&lt;anonymous> (C:\Users\malathi.jayapal\Desktop\WebdriverIO\test\specs\login.test.js:12:16)
                    at Context.executeAsync (C:\Users\malathi.jayapal\Desktop\WebdriverIO\node_modules\@wdio\utils\build\shim.js:333:27)
                    at Context.testFrameworkFnWrapper (C:\Users\malathi.jayapal\Desktop\WebdriverIO\node_modules\@wdio\utils\build\test-framework\testFnWrapper.js:51:32)</stack-trace>
            </failure>
        </test-case>
    </test-cases>
</ns2:test-suite>