<?xml version='1.0'?>
<ns2:test-suite xmlns:ns2='urn:model.allure.qatools.yandex.ru' start='1656309810206' stop='1656309810541'>
    <name>Login</name>
    <title>Login</title>
    <test-cases>
        <test-case start='1656309810207' status='failed' stop='1656309810540'>
            <name>Valid Credentials</name>
            <title>Valid Credentials</title>
            <labels>
                <label name='language' value='javascript'/>
                <label name='framework' value='wdio'/>
                <label name='thread' value='0-0'/>
            </labels>
            <parameters>
                <parameter kind='argument' name='browser' value='chrome-103.0.5060.53'/>
            </parameters>
            <steps>
                <step start='1656309810210' status='failed' stop='1656309810540'>
                    <name>GET /session/:sessionId/title</name>
                    <title>GET /session/:sessionId/title</title>
                    <attachments/>
                    <steps>
                        <step start='1656309810230' status='passed' stop='1656309810533'>
                            <name>GET /session/:sessionId/screenshot</name>
                            <title>GET /session/:sessionId/screenshot</title>
                            <attachments>
                                <attachment title='Screenshot' source='499198e4-8f1d-4d00-a1d7-04169b5a00a6-attachment.png' type='image/png' size='4025'/>
                            </attachments>
                            <steps>
                                <step start='1656309810233' status='passed' stop='1656309810303'>
                                    <name>POST /session/:sessionId/url</name>
                                    <title>POST /session/:sessionId/url</title>
                                    <attachments>
                                        <attachment title='Request' source='8f850092-955a-46b9-b6e5-8be6beb47d54-attachment.json' type='application/json' size='41'/>
                                    </attachments>
                                    <steps/>
                                </step>
                            </steps>
                        </step>
                    </steps>
                </step>
            </steps>
            <attachments/>
            <failure>
                <message>Promise {
                  &lt;pending>
                } == 'Swag'      
                      actual expected
                      
                      Promise [Promise] {}'Swag'
                      </message>
                <stack-trace>AssertionError [ERR_ASSERTION]: Promise {
                  &lt;pending>
                } == 'Swag'
                    at Context.&lt;anonymous> (C:\Users\malathi.jayapal\Desktop\WebdriverIO\test\specs\login.test.js:12:16)
                    at Context.executeAsync (C:\Users\malathi.jayapal\Desktop\WebdriverIO\node_modules\@wdio\utils\build\shim.js:333:27)
                    at Context.testFrameworkFnWrapper (C:\Users\malathi.jayapal\Desktop\WebdriverIO\node_modules\@wdio\utils\build\test-framework\testFnWrapper.js:51:32)</stack-trace>
            </failure>
        </test-case>
    </test-cases>
</ns2:test-suite>